<?xml version="1.0" encoding="UTF-8" standalone="no"?>
<testsuite failures="0" name="cucumber.runtime.formatter.JUnitFormatter" skipped="0" tests="1" time="16.8036">
<testcase classname="Mystore Signin Test" name="Create new account" time="16.8036">
<system-out><![CDATA[Given user opens browser and user is on homepage............................passed
Then user clicks on siginlink...............................................passed
Then user enter emailaddress in create new account..........................passed
When user clicks on create an account.......................................passed
Then user enter following details...........................................passed
Then user clicks on registration button.....................................passed
]]></system-out>
</testcase>
</testsuite>
